<?xml version="1.0" encoding="UTF-8"?>
<testng-results ignored="0" total="1" passed="1" failed="0" skipped="0">
  <reporter-output>
  </reporter-output>
  <suite started-at="2026-03-04T15:50:37 IST" name="Default suite" finished-at="2026-03-04T15:50:37 IST" duration-ms="31">
    <groups>
    </groups>
    <test started-at="2026-03-04T15:50:37 IST" name="Default test" finished-at="2026-03-04T15:50:37 IST" duration-ms="31">
      <class name="PROJECTS.ReverseStringNumbers">
        <test-method signature="reversedStringLoop()[pri:0, instance:PROJECTS.ReverseStringNumbers@6a62689d]" started-at="2026-03-04T15:50:37 IST" name="reversedStringLoop" description="using for loop" finished-at="2026-03-04T15:50:37 IST" duration-ms="8" status="PASS">
          <reporter-output>
          </reporter-output>
        </test-method> <!-- reversedStringLoop -->
      </class> <!-- PROJECTS.ReverseStringNumbers -->
    </test> <!-- Default test -->
  </suite> <!-- Default suite -->
</testng-results>
