<?xml version="1.0" encoding="UTF-8"?>
<testng-results ignored="0" total="1" passed="1" failed="0" skipped="0">
  <reporter-output>
  </reporter-output>
  <suite started-at="2026-03-04T16:02:20 IST" name="Default suite" finished-at="2026-03-04T16:02:21 IST" duration-ms="33">
    <groups>
    </groups>
    <test started-at="2026-03-04T16:02:20 IST" name="Default test" finished-at="2026-03-04T16:02:21 IST" duration-ms="33">
      <class name="PROJECTS.ReverseStringNumbers">
        <test-method signature="reveredWord()[pri:0, instance:PROJECTS.ReverseStringNumbers@4602c2a9]" started-at="2026-03-04T16:02:20 IST" name="reveredWord" description="reversed words in a sentance" finished-at="2026-03-04T16:02:20 IST" duration-ms="9" status="PASS">
          <reporter-output>
          </reporter-output>
        </test-method> <!-- reveredWord -->
      </class> <!-- PROJECTS.ReverseStringNumbers -->
    </test> <!-- Default test -->
  </suite> <!-- Default suite -->
</testng-results>
